Removed Pin From Net: NetName=NetJ?_6 Pin=J?-6
Removed Pin From Net: NetName=GND Pin=U?-25
Removed Pin From Net: NetName=GND Pin=U?-26
Removed Pin From Net: NetName=GND Pin=U?-33
Removed Member From Class: ClassName=U_Boot Switches Member=K1
Removed Member From Class: ClassName=U_Connector B Member=K1
Removed Member From Class: ClassName=U_JTAG interfaces Member=K1
Removed Member From Class: ClassName=U_SDMMC_SDCARD Member=SD1
Change Footprint: Footprint Not Found IC_PCAL9722HN/Q900MP
Change Component Footprint: Designator=U? Old Footprint=PAP0064D_L New Footprint=IC_TXU0101DBVR
Change Component Comment : Designator=U? Old Comment=TFP410PAP New Comment=PCAL9722HN/Q900MP
Change Component Comment : Designator=U? Old Comment=TFP410PAP New Comment=TXU0101DBVR
Change Component Designator: OldDesignator=U? NewDesignator=U3
Change Component Designator: OldDesignator=U? NewDesignator=U4
Change Managed Component Library Link : Designator=U? Old VaultGUID=B7D15EC3-160A-466F-A46C-7801FE6295A7 New VaultGUID= Old ItemGUID=834DCF60-2C61-40D7-BAB6-DEE30310A75C New ItemGUID= Old RevisionGUID=6823EEC5-1532-4548-B44D-881C6ACF0A6A New RevisionGUID=
Change Managed Component Library Link : Designator=U? Old VaultGUID=B7D15EC3-160A-466F-A46C-7801FE6295A7 New VaultGUID= Old ItemGUID=834DCF60-2C61-40D7-BAB6-DEE30310A75C New ItemGUID= Old RevisionGUID=6823EEC5-1532-4548-B44D-881C6ACF0A6A New RevisionGUID=
Change component parameters: Designator = "U?" ("U?"); Footprint = "PAP0064D_L"; UniqueID = "\OYQYIBKJ\IMZJSDWG" ("\OYQYIBKJ\IMZJSDWG")
Change component parameters (AddParameter): Name = "Check_prices"; Value = "https://www.snapeda.com/parts/TXU0101DBVR/Texas+Instruments/view-part/?ref=eda"; VariantName = "[No Variations]"
Change component parameters (AddParameter): Name = "MF"; Value = "Texas Instruments"; VariantName = "[No Variations]"
Change component parameters (AddParameter): Name = "MP"; Value = "TXU0101DBVR"; VariantName = "[No Variations]"
Change component parameters (AddParameter): Name = "Package"; Value = "None"; VariantName = "[No Variations]"
Change component parameters (AddParameter): Name = "SnapEDA_Link"; Value = "https://www.snapeda.com/parts/TXU0101DBVR/Texas+Instruments/view-part/?ref=snap"; VariantName = "[No Variations]"
Change component parameters (AddParameter): Name = "Value"; Value = ""; VariantName = "[No Variations]"
Change component parameters: Designator = "U?" ("U?"); Footprint = "PAP0064D_L"; UniqueID = "\ITHCYTQM\HHDILWQU" ("\ITHCYTQM\HHDILWQU")
Change component parameters (AddParameter): Name = "Availability"; Value = "Unavailable"; VariantName = "[No Variations]"
Change component parameters (AddParameter): Name = "MF"; Value = "{'manufacturer': u'NXP Semiconductors'}"; VariantName = "[No Variations]"
Change component parameters (AddParameter): Name = "MP"; Value = "PCAL9722HN/Q900MP"; VariantName = "[No Variations]"
Change component parameters (AddParameter): Name = "Package"; Value = "None"; VariantName = "[No Variations]"
Change component parameters (AddParameter): Name = "Price"; Value = "None"; VariantName = "[No Variations]"
Change component parameters (AddParameter): Name = "Value"; Value = ""; VariantName = "[No Variations]"
Add component: Footprint Not Found IPEX_20455-040E-76
Added Component: Designator=J?(FCI-10029449-111RLF_V)
Add component (AddParameter): Name = "Brand"; Value = "FCI"; VariantName = "[No Variations]"
Add component (AddParameter): Name = "Color"; Value = "Black"; VariantName = "[No Variations]"
Add component (AddParameter): Name = "Contact Material"; Value = "CopperAlloy"; VariantName = "[No Variations]"
Add component (AddParameter): Name = "Contact Plating"; Value = "Gold"; VariantName = "[No Variations]"
Add component (AddParameter): Name = "Contact Rating"; Value = "0.5A"; VariantName = "[No Variations]"
Add component (AddParameter): Name = "Datasheet URL"; Value = "https://datasheet.ciiva.com/851/10029449-851120.pdf"; VariantName = "[No Variations]"
Add component (AddParameter): Name = "Datasheet Version"; Value = "Rev. S, 06/2012"; VariantName = "[No Variations]"
Add component (AddParameter): Name = "Factory Pack Quantity"; Value = "400"; VariantName = "[No Variations]"
Add component (AddParameter): Name = "Gender"; Value = "Female"; VariantName = "[No Variations]"
Add component (AddParameter): Name = "Housing Material"; Value = "Resin"; VariantName = "[No Variations]"
Add component (AddParameter): Name = "Insulation Resistance"; Value = "100MOhms"; VariantName = "[No Variations]"
Add component (AddParameter): Name = "Manufacturer"; Value = "FCI"; VariantName = "[No Variations]"
Add component (AddParameter): Name = "Manufacturer URL"; Value = "http://www.fci.com/"; VariantName = "[No Variations]"
Add component (AddParameter): Name = "Mounting Style"; Value = "SMD/SMT"; VariantName = "[No Variations]"
Add component (AddParameter): Name = "Number of Positions"; Value = "19"; VariantName = "[No Variations]"
Add component (AddParameter): Name = "Number of Positions / Contacts"; Value = "19"; VariantName = "[No Variations]"
Add component (AddParameter): Name = "Operating Temperature Range"; Value = "-55Cto+85C"; VariantName = "[No Variations]"
Add component (AddParameter): Name = "Orientation"; Value = "Horizontal"; VariantName = "[No Variations]"
Add component (AddParameter): Name = "Packaging"; Value = "Reel"; VariantName = "[No Variations]"
Add component (AddParameter): Name = "Product Category"; Value = "HDMI,Displayport&DVIConnectors"; VariantName = "[No Variations]"
Add component (AddParameter): Name = "Product Type"; Value = "HDMI"; VariantName = "[No Variations]"
Add component (AddParameter): Name = "RoHS"; Value = "Details"; VariantName = "[No Variations]"
Add component (AddParameter): Name = "Termination Style"; Value = "SMD"; VariantName = "[No Variations]"
Add component (AddParameter): Name = "Voltage Rating"; Value = "40V"; VariantName = "[No Variations]"
Added Component: Designator=K?(SAMTEC_TSW-102-07-F-S)
Added Component: Designator=Q?(FP-PG-SOT23-3-MFG)
Add component (AddParameter): Name = "Automotive"; Value = "Yes"; VariantName = "[No Variations]"
Add component (AddParameter): Name = "Automotive Grade"; Value = "Grade 0"; VariantName = "[No Variations]"
Add component (AddParameter): Name = "Category"; Value = "Trans"; VariantName = "[No Variations]"
Add component (AddParameter): Name = "ComponentLink2Description"; Value = "Datasheet"; VariantName = "[No Variations]"
Add component (AddParameter): Name = "ComponentLink2URL"; Value = "https://www.infineon.com/dgdl/Infineon-BSS123N-DS-v02_03-en.pdf?fileId=db3a304335f1f4b6013639adfaaa1631"; VariantName = "[No Variations]"
Add component (AddParameter): Name = "Continuous Drain Current"; Value = "0.19A"; VariantName = "[No Variations]"
Add component (AddParameter): Name = "Depletion Mode"; Value = "False"; VariantName = "[No Variations]"
Add component (AddParameter): Name = "Device Class L1"; Value = "Discrete Semiconductors"; VariantName = "[No Variations]"
Add component (AddParameter): Name = "Device Class L2"; Value = "Transistors"; VariantName = "[No Variations]"
Add component (AddParameter): Name = "Device Class L3"; Value = "MOSFETs"; VariantName = "[No Variations]"
Add component (AddParameter): Name = "Digikey Description"; Value = "MOSFET N-CH 100V 0.19A SOT-23"; VariantName = "[No Variations]"
Add component (AddParameter): Name = "Drain To Source Breakdown Voltage"; Value = "100V"; VariantName = "[No Variations]"
Add component (AddParameter): Name = "Drain To Source Resistance"; Value = "2.4O"; VariantName = "[No Variations]"
Add component (AddParameter): Name = "Drain To Source Voltage"; Value = "100V"; VariantName = "[No Variations]"
Add component (AddParameter): Name = "Footprint Url"; Value = "https://www.infineon.com/cms/en/product/packages/PG-SOT23/PG-SOT23-3-5/"; VariantName = "[No Variations]"
Add component (AddParameter): Name = "Gate Charge At Vgs"; Value = "0.6nC @ 10V"; VariantName = "[No Variations]"
Add component (AddParameter): Name = "Gate To Source Voltage"; Value = "20V"; VariantName = "[No Variations]"
Add component (AddParameter): Name = "Height"; Value = "1.1mm"; VariantName = "[No Variations]"
Add component (AddParameter): Name = "Input Capacitace At Vds"; Value = "15.7pF @ 25V"; VariantName = "[No Variations]"
Add component (AddParameter): Name = "Lead Free"; Value = "Yes"; VariantName = "[No Variations]"
Add component (AddParameter): Name = "Manufacturer"; Value = "Infineon"; VariantName = "[No Variations]"
Add component (AddParameter): Name = "Manufacturer Part Number"; Value = "BSS123NH6327XTSA1"; VariantName = "[No Variations]"
Add component (AddParameter): Name = "Max Forward Diode Voltage"; Value = "1.1V"; VariantName = "[No Variations]"
Add component (AddParameter): Name = "Max Junction Temp"; Value = "+150°C"; VariantName = "[No Variations]"
Add component (AddParameter): Name = "Mouser Description"; Value = "Single N-Channel 100V 6 Ohm 0.6 nC OptiMOS? Small Signal Mosfet - SOT-23"; VariantName = "[No Variations]"
Add component (AddParameter): Name = "Number Of Channels"; Value = "1"; VariantName = "[No Variations]"
Add component (AddParameter): Name = "Number Of N Channels"; Value = "1"; VariantName = "[No Variations]"
Add component (AddParameter): Name = "Octopart"; Value = "https://octopart.com/bss123nh6327xtsa1-infineon-24621685"; VariantName = "[No Variations]"
Add component (AddParameter): Name = "Package"; Value = "PG-SOT23-3"; VariantName = "[No Variations]"
Add component (AddParameter): Name = "Power Dissipation"; Value = "0.5W"; VariantName = "[No Variations]"
Add component (AddParameter): Name = "Pulse Drain Current"; Value = "0.77A"; VariantName = "[No Variations]"
Add component (AddParameter): Name = "Reverse Recovery Charge"; Value = "4.3nC"; VariantName = "[No Variations]"
Add component (AddParameter): Name = "Reverse Recovery Time"; Value = "12ns"; VariantName = "[No Variations]"
Add component (AddParameter): Name = "RoHS"; Value = "TRUE"; VariantName = "[No Variations]"
Add component (AddParameter): Name = "Rthja Max"; Value = "250K/W"; VariantName = "[No Variations]"
Add component (AddParameter): Name = "Temperature"; Value = "-55°C to +150°C"; VariantName = "[No Variations]"
Add component (AddParameter): Name = "Temperature Range High"; Value = "+150°C"; VariantName = "[No Variations]"
Add component (AddParameter): Name = "Temperature Range Low"; Value = "-55°C"; VariantName = "[No Variations]"
Add component (AddParameter): Name = "Threshold Vgs Max"; Value = "1.8V"; VariantName = "[No Variations]"
Add component (AddParameter): Name = "Threshold Vgs Min"; Value = "0.8V"; VariantName = "[No Variations]"
Add component (AddParameter): Name = "Transconductance"; Value = "0.41S"; VariantName = "[No Variations]"
Add component (AddParameter): Name = "Turn Off Delay Time"; Value = "7.4ns"; VariantName = "[No Variations]"
Add component (AddParameter): Name = "Turn On Delay Time"; Value = "2.3ns"; VariantName = "[No Variations]"
Add component (AddParameter): Name = "Typ Forward Diode Voltage"; Value = "0.8V"; VariantName = "[No Variations]"
Added Component: Designator=Q?(FP-PG-SOT23-3-MFG)
Add component (AddParameter): Name = "Automotive"; Value = "Yes"; VariantName = "[No Variations]"
Add component (AddParameter): Name = "Automotive Grade"; Value = "Grade 0"; VariantName = "[No Variations]"
Add component (AddParameter): Name = "Category"; Value = "Trans"; VariantName = "[No Variations]"
Add component (AddParameter): Name = "ComponentLink2Description"; Value = "Datasheet"; VariantName = "[No Variations]"
Add component (AddParameter): Name = "ComponentLink2URL"; Value = "https://www.infineon.com/dgdl/Infineon-BSS123N-DS-v02_03-en.pdf?fileId=db3a304335f1f4b6013639adfaaa1631"; VariantName = "[No Variations]"
Add component (AddParameter): Name = "Continuous Drain Current"; Value = "0.19A"; VariantName = "[No Variations]"
Add component (AddParameter): Name = "Depletion Mode"; Value = "False"; VariantName = "[No Variations]"
Add component (AddParameter): Name = "Device Class L1"; Value = "Discrete Semiconductors"; VariantName = "[No Variations]"
Add component (AddParameter): Name = "Device Class L2"; Value = "Transistors"; VariantName = "[No Variations]"
Add component (AddParameter): Name = "Device Class L3"; Value = "MOSFETs"; VariantName = "[No Variations]"
Add component (AddParameter): Name = "Digikey Description"; Value = "MOSFET N-CH 100V 0.19A SOT-23"; VariantName = "[No Variations]"
Add component (AddParameter): Name = "Drain To Source Breakdown Voltage"; Value = "100V"; VariantName = "[No Variations]"
Add component (AddParameter): Name = "Drain To Source Resistance"; Value = "2.4O"; VariantName = "[No Variations]"
Add component (AddParameter): Name = "Drain To Source Voltage"; Value = "100V"; VariantName = "[No Variations]"
Add component (AddParameter): Name = "Footprint Url"; Value = "https://www.infineon.com/cms/en/product/packages/PG-SOT23/PG-SOT23-3-5/"; VariantName = "[No Variations]"
Add component (AddParameter): Name = "Gate Charge At Vgs"; Value = "0.6nC @ 10V"; VariantName = "[No Variations]"
Add component (AddParameter): Name = "Gate To Source Voltage"; Value = "20V"; VariantName = "[No Variations]"
Add component (AddParameter): Name = "Height"; Value = "1.1mm"; VariantName = "[No Variations]"
Add component (AddParameter): Name = "Input Capacitace At Vds"; Value = "15.7pF @ 25V"; VariantName = "[No Variations]"
Add component (AddParameter): Name = "Lead Free"; Value = "Yes"; VariantName = "[No Variations]"
Add component (AddParameter): Name = "Manufacturer"; Value = "Infineon"; VariantName = "[No Variations]"
Add component (AddParameter): Name = "Manufacturer Part Number"; Value = "BSS123NH6327XTSA1"; VariantName = "[No Variations]"
Add component (AddParameter): Name = "Max Forward Diode Voltage"; Value = "1.1V"; VariantName = "[No Variations]"
Add component (AddParameter): Name = "Max Junction Temp"; Value = "+150°C"; VariantName = "[No Variations]"
Add component (AddParameter): Name = "Mouser Description"; Value = "Single N-Channel 100V 6 Ohm 0.6 nC OptiMOS? Small Signal Mosfet - SOT-23"; VariantName = "[No Variations]"
Add component (AddParameter): Name = "Number Of Channels"; Value = "1"; VariantName = "[No Variations]"
Add component (AddParameter): Name = "Number Of N Channels"; Value = "1"; VariantName = "[No Variations]"
Add component (AddParameter): Name = "Octopart"; Value = "https://octopart.com/bss123nh6327xtsa1-infineon-24621685"; VariantName = "[No Variations]"
Add component (AddParameter): Name = "Package"; Value = "PG-SOT23-3"; VariantName = "[No Variations]"
Add component (AddParameter): Name = "Power Dissipation"; Value = "0.5W"; VariantName = "[No Variations]"
Add component (AddParameter): Name = "Pulse Drain Current"; Value = "0.77A"; VariantName = "[No Variations]"
Add component (AddParameter): Name = "Reverse Recovery Charge"; Value = "4.3nC"; VariantName = "[No Variations]"
Add component (AddParameter): Name = "Reverse Recovery Time"; Value = "12ns"; VariantName = "[No Variations]"
Add component (AddParameter): Name = "RoHS"; Value = "TRUE"; VariantName = "[No Variations]"
Add component (AddParameter): Name = "Rthja Max"; Value = "250K/W"; VariantName = "[No Variations]"
Add component (AddParameter): Name = "Temperature"; Value = "-55°C to +150°C"; VariantName = "[No Variations]"
Add component (AddParameter): Name = "Temperature Range High"; Value = "+150°C"; VariantName = "[No Variations]"
Add component (AddParameter): Name = "Temperature Range Low"; Value = "-55°C"; VariantName = "[No Variations]"
Add component (AddParameter): Name = "Threshold Vgs Max"; Value = "1.8V"; VariantName = "[No Variations]"
Add component (AddParameter): Name = "Threshold Vgs Min"; Value = "0.8V"; VariantName = "[No Variations]"
Add component (AddParameter): Name = "Transconductance"; Value = "0.41S"; VariantName = "[No Variations]"
Add component (AddParameter): Name = "Turn Off Delay Time"; Value = "7.4ns"; VariantName = "[No Variations]"
Add component (AddParameter): Name = "Turn On Delay Time"; Value = "2.3ns"; VariantName = "[No Variations]"
Add component (AddParameter): Name = "Typ Forward Diode Voltage"; Value = "0.8V"; VariantName = "[No Variations]"
Added Component: Designator=R?(RESC1005X04N)
Add component (AddParameter): Name = "Supplier 1"; Value = "DigiKey"; VariantName = "[No Variations]"
Add component (AddParameter): Name = "Supplier Part Number 1"; Value = "2019-RK73H1ETTP2051FCT-ND"; VariantName = "[No Variations]"
Added Component: Designator=R?(RESC1005X04N)
Added Component: Designator=R?(RESC1005X04L)
Add component (AddParameter): Name = "ComponentLink1Description"; Value = "New link"; VariantName = "[No Variations]"
Add component (AddParameter): Name = "ComponentLink1URL"; Value = "https://www.digikey.com.au/en/products/detail/panasonic-electronic-components/ERJ-2RKF1000X/192080"; VariantName = "[No Variations]"
Add component (AddParameter): Name = "Supplier 1"; Value = "Mouser"; VariantName = "[No Variations]"
Add component (AddParameter): Name = "Supplier Part Number 1"; Value = "667-ERJ-2RKF1000X"; VariantName = "[No Variations]"
Added Component: Designator=R?(RESC1005X04N)
Added Component: Designator=R?(RESC1005X04L)
Added Component: Designator=R?(RESC1005X04N)
Added Component: Designator=R?(RESC1005X04N)
Added Component: Designator=R?(RESC1005X04N)
Added Component: Designator=R?(RESC1005X04N)
Added Component: Designator=R?(RESC1005X04N)
Added Component: Designator=R?(RESC1005X04L)
Added Component: Designator=R?(RESC1005X04L)
Added Component: Designator=R?(RESC1005X04L)
Added Component: Designator=R?(RESC1005X04L)
Added Component: Designator=U2(QFN50P900X350X80-43N)
Add component (AddParameter): Name = "Availability"; Value = "Unavailable"; VariantName = "[No Variations]"
Add component (AddParameter): Name = "Check_prices"; Value = "https://www.snapeda.com/parts/TS3DV642A0RUAR/Texas%20Instruments/view-part/50654/?ref=eda"; VariantName = "[No Variations]"
Add component (AddParameter): Name = "MF"; Value = "Texas Instruments"; VariantName = "[No Variations]"
Add component (AddParameter): Name = "MP"; Value = "TS3DV642A0RUAR"; VariantName = "[No Variations]"
Add component (AddParameter): Name = "Package"; Value = "WQFN-42 Texas Instruments"; VariantName = "[No Variations]"
Add component (AddParameter): Name = "Price"; Value = "None"; VariantName = "[No Variations]"
Add component (AddParameter): Name = "SnapEDA_Link"; Value = "https://www.snapeda.com/parts/TS3DV642A0RUAR/Texas%20Instruments/view-part/50654/?ref=snap"; VariantName = "[No Variations]"
Add component (AddParameter): Name = "Supplier 1"; Value = "DigiKey"; VariantName = "[No Variations]"
Add component (AddParameter): Name = "Supplier Part Number 1"; Value = "296-TS3DV642RUARQ1CT-ND"; VariantName = "[No Variations]"
Add component (AddParameter): Name = "Texas_Instruments-Purchase-URL"; Value = "https://snapeda.com/shop?store=Texas+Instruments&id=50654"; VariantName = "[No Variations]"
Add component (AddParameter): Name = "Value"; Value = ""; VariantName = "[No Variations]"
Added Pin To Net: NetName=GND Pin=J?-1
Added Pin To Net: NetName=NetD?_2 Pin=J?-2
Added Pin To Net: NetName=SYS_3V3 Pin=J?-3
Added Pin To Net: NetName=SYS_3V3 Pin=J?-4
Added Pin To Net: NetName=GND Pin=J?-5
Added Pin To Net: NetName=NetC?_2 Pin=J?-6
Added Pin To Net: NetName=NetJ?_6 Pin=J?-6
Added Pin To Net: NetName=NetJ?_7 Pin=J?-7
Added Pin To Net: NetName=NetJ?_8 Pin=J?-8
Added Pin To Net: NetName=GND Pin=J?-9
Add Pin To Net: Unknown Pin: Pin J?-30
Add Pin To Net: Unknown Pin: Pin J?-31
Add Pin To Net: Unknown Pin: Pin J?-32
Add Pin To Net: Unknown Pin: Pin J?-33
Add Pin To Net: Unknown Pin: Pin J?-34
Add Pin To Net: Unknown Pin: Pin J?-35
Add Pin To Net: Unknown Pin: Pin J?-38
Add Pin To Net: Unknown Pin: Pin J?-39
Add Pin To Net: Unknown Pin: Pin J?-40
Add Pin To Net: Unknown Pin: Pin J?-S1
Add Pin To Net: Unknown Pin: Pin J?-S2
Add Pin To Net: Unknown Pin: Pin J?-S3
Add Pin To Net: Unknown Pin: Pin J?-S4
Added Pin To Net: NetName=GND Pin=Q?-2
Added Pin To Net: NetName=GND Pin=R?-1
Added Pin To Net: NetName=SYS_3V3 Pin=R?-1
Added Pin To Net: NetName=SYS_3V3 Pin=R?-1
Added Pin To Net: NetName=SYS_3V3 Pin=R?-1
Added Pin To Net: NetName=SYS_3V3 Pin=R?-1
Added Pin To Net: NetName=SYS_3V3 Pin=R?-1
Added Pin To Net: NetName=GND Pin=R?-2
Added Pin To Net: NetName=SYS_3V3 Pin=R?-2
Added Pin To Net: NetName=SYS_3V3 Pin=R?-2
Added Pin To Net: NetName=SYS_3V3 Pin=U2-1
Added Pin To Net: NetName=GND Pin=U2-43
Add Pin To Net: Unknown Pin: Pin U2-44
Add Pin To Net: Unknown Pin: Pin U2-45
Add Pin To Net: Unknown Pin: Pin U2-46
Add Pin To Net: Unknown Pin: Pin U2-47
Add Pin To Net: Unknown Pin: Pin U2-48
Add Pin To Net: Unknown Pin: Pin U2-49
Add Pin To Net: Unknown Pin: Pin U2-50
Add Pin To Net: Unknown Pin: Pin U2-51
Add Pin To Net: Unknown Pin: Pin U2-52
Add Pin To Net: Unknown Pin: Pin U2-53
Add Pin To Net: Unknown Pin: Pin U2-54
Add Pin To Net: Unknown Pin: Pin U2-55
Add Pin To Net: Unknown Pin: Pin U2-56
Add Pin To Net: Unknown Pin: Pin U2-57
Add Pin To Net: Unknown Pin: Pin U2-58
Add Pin To Net: Unknown Pin: Pin U2-59
Add Pin To Net: Unknown Pin: Pin U2-60
Added Pin To Net: NetName=GND Pin=U3-A4
Added Pin To Net: NetName=GND Pin=U3-B1
Added Pin To Net: NetName=GND Pin=U3-B6
Added Pin To Net: NetName=GND Pin=U3-D8
Added Pin To Net: NetName=GND Pin=U3-E3
Added Pin To Net: NetName=GND Pin=U3-E5
Added Pin To Net: NetName=GND Pin=U3-F6
Added Pin To Net: NetName=GND Pin=U3-G3
Added Pin To Net: NetName=GND Pin=U3-G7
Added Pin To Net: NetName=GND Pin=U3-G8
Added Pin To Net: NetName=GND Pin=U3-H5
Added Pin To Net: NetName=SYS_3V3 Pin=U4-3
Added Pin To Net: NetName=GND Pin=U4-16
Added Pin To Net: NetName=GND Pin=U4-17
Added Pin To Net: NetName=GND Pin=U4-20
Added Pin To Net: NetName=GND Pin=U4-26
Added Pin To Net: NetName=GND Pin=U4-32
Added Pin To Net: NetName=GND Pin=U4-48
Added Pin To Net: NetName=GND Pin=U4-56
Added Pin To Net: NetName=GND Pin=U4-64
Added Pin To Net: NetName=GND Pin=U4-65
Added Pin To Net: NetName=SYS_3V3 Pin=U?-1
Added Pin To Net: NetName=GND Pin=U?-2
Added Pin To Net: NetName=GND Pin=U?-25
Added Pin To Net: NetName=GND Pin=U?-26
Added Pin To Net: NetName=GND Pin=U?-33
Added Pin To Net: NetName=DE Pin=U3-F2
Added Pin To Net: NetName=DE Pin=U4-2
Added Net: Name=DE
Added Pin To Net: NetName=DISP_SELECT Pin=Q?-1
Added Pin To Net: NetName=DISP_SELECT Pin=R?-1
Added Net: Name=DISP_SELECT
Added Pin To Net: NetName=HSYNC Pin=U3-E2
Added Pin To Net: NetName=HSYNC Pin=U4-4
Added Net: Name=HSYNC
Added Pin To Net: NetName=INPUT SIGNAL Pin=U?-3
Added Net: Name=INPUT SIGNAL
Added Pin To Net: NetName=LVCMOS_B0 Pin=U3-A3
Added Pin To Net: NetName=LVCMOS_B0 Pin=U4-63
Added Net: Name=LVCMOS_B0
Added Pin To Net: NetName=LVCMOS_B1 Pin=U3-C3
Added Pin To Net: NetName=LVCMOS_B1 Pin=U4-62
Added Net: Name=LVCMOS_B1
Added Pin To Net: NetName=LVCMOS_B2 Pin=U3-D3
Added Pin To Net: NetName=LVCMOS_B2 Pin=U4-61
Added Net: Name=LVCMOS_B2
Added Pin To Net: NetName=LVCMOS_B3 Pin=U3-D2
Added Pin To Net: NetName=LVCMOS_B3 Pin=U4-60
Added Net: Name=LVCMOS_B3
Added Pin To Net: NetName=LVCMOS_B4 Pin=U3-C1
Added Pin To Net: NetName=LVCMOS_B4 Pin=U4-59
Added Net: Name=LVCMOS_B4
Added Pin To Net: NetName=LVCMOS_B5 Pin=U3-E1
Added Pin To Net: NetName=LVCMOS_B5 Pin=U4-58
Added Net: Name=LVCMOS_B5
Added Pin To Net: NetName=LVCMOS_B6 Pin=U3-B3
Added Pin To Net: NetName=LVCMOS_B6 Pin=U4-55
Added Net: Name=LVCMOS_B6
Added Pin To Net: NetName=LVCMOS_B7 Pin=U3-A1
Added Pin To Net: NetName=LVCMOS_B7 Pin=U4-54
Added Net: Name=LVCMOS_B7
Added Pin To Net: NetName=LVCMOS_CLKOUT Pin=U3-E7
Added Pin To Net: NetName=LVCMOS_CLKOUT Pin=U4-57
Added Net: Name=LVCMOS_CLKOUT
Added Pin To Net: NetName=LVCMOS_G0 Pin=U3-A7
Added Pin To Net: NetName=LVCMOS_G0 Pin=U4-53
Added Net: Name=LVCMOS_G0
Added Pin To Net: NetName=LVCMOS_G1 Pin=U3-A6
Added Pin To Net: NetName=LVCMOS_G1 Pin=U4-52
Added Net: Name=LVCMOS_G1
Added Pin To Net: NetName=LVCMOS_G2 Pin=U3-C5
Added Pin To Net: NetName=LVCMOS_G2 Pin=U4-51
Added Net: Name=LVCMOS_G2
Added Pin To Net: NetName=LVCMOS_G3 Pin=U3-A5
Added Pin To Net: NetName=LVCMOS_G3 Pin=U4-50
Added Net: Name=LVCMOS_G3
Added Pin To Net: NetName=LVCMOS_G4 Pin=U3-D4
Added Pin To Net: NetName=LVCMOS_G4 Pin=U4-47
Added Net: Name=LVCMOS_G4
Added Pin To Net: NetName=LVCMOS_G5 Pin=U3-C4
Added Pin To Net: NetName=LVCMOS_G5 Pin=U4-46
Added Net: Name=LVCMOS_G5
Added Pin To Net: NetName=LVCMOS_G6 Pin=U3-D5
Added Pin To Net: NetName=LVCMOS_G6 Pin=U4-45
Added Net: Name=LVCMOS_G6
Added Pin To Net: NetName=LVCMOS_G7 Pin=U3-B4
Added Pin To Net: NetName=LVCMOS_G7 Pin=U4-44
Added Net: Name=LVCMOS_G7
Added Pin To Net: NetName=LVCMOS_GENERAL_PURPOSE Pin=U3-F1
Added Net: Name=LVCMOS_GENERAL_PURPOSE
Added Pin To Net: NetName=LVCMOS_R0 Pin=U3-E8
Added Pin To Net: NetName=LVCMOS_R0 Pin=U4-43
Added Net: Name=LVCMOS_R0
Added Pin To Net: NetName=LVCMOS_R1 Pin=U3-C8
Added Pin To Net: NetName=LVCMOS_R1 Pin=U4-42
Added Net: Name=LVCMOS_R1
Added Pin To Net: NetName=LVCMOS_R2 Pin=U3-D7
Added Pin To Net: NetName=LVCMOS_R2 Pin=U4-41
Added Net: Name=LVCMOS_R2
Added Pin To Net: NetName=LVCMOS_R3 Pin=U3-B8
Added Pin To Net: NetName=LVCMOS_R3 Pin=U4-40
Added Net: Name=LVCMOS_R3
Added Pin To Net: NetName=LVCMOS_R4 Pin=U3-C6
Added Pin To Net: NetName=LVCMOS_R4 Pin=U4-39
Added Net: Name=LVCMOS_R4
Added Pin To Net: NetName=LVCMOS_R5 Pin=U3-A8
Added Pin To Net: NetName=LVCMOS_R5 Pin=U4-38
Added Net: Name=LVCMOS_R5
Added Pin To Net: NetName=LVCMOS_R6 Pin=U3-H1
Added Pin To Net: NetName=LVCMOS_R6 Pin=U4-37
Added Net: Name=LVCMOS_R6
Added Pin To Net: NetName=LVCMOS_R7 Pin=U3-B7
Added Pin To Net: NetName=LVCMOS_R7 Pin=U4-36
Added Net: Name=LVCMOS_R7
Add Net: Net with name "NetD?_2" already exists
Add Net: Net with name "NetD?_2" already exists
Added Pin To Net: NetName=NetJ?_10 Pin=J?-10
Added Pin To Net: NetName=NetJ?_10 Pin=U2-37
Added Net: Name=NetJ?_10
Added Pin To Net: NetName=NetJ?_11 Pin=J?-11
Added Pin To Net: NetName=NetJ?_11 Pin=U2-38
Added Net: Name=NetJ?_11
Added Pin To Net: NetName=NetJ?_12 Pin=J?-12
Added Pin To Net: NetName=NetJ?_12 Pin=U2-35
Added Net: Name=NetJ?_12
Added Pin To Net: NetName=NetJ?_13 Pin=J?-13
Added Pin To Net: NetName=NetJ?_13 Pin=U2-36
Added Net: Name=NetJ?_13
Added Pin To Net: NetName=NetJ?_14 Pin=J?-14
Added Pin To Net: NetName=NetJ?_14 Pin=U2-33
Added Net: Name=NetJ?_14
Added Pin To Net: NetName=NetJ?_15 Pin=J?-15
Added Pin To Net: NetName=NetJ?_15 Pin=U2-34
Added Net: Name=NetJ?_15
Added Pin To Net: NetName=NetJ?_16 Pin=J?-16
Added Pin To Net: NetName=NetJ?_16 Pin=U2-19
Added Net: Name=NetJ?_16
Added Pin To Net: NetName=NetJ?_17 Pin=J?-17
Added Pin To Net: NetName=NetJ?_17 Pin=U2-18
Added Net: Name=NetJ?_17
Added Pin To Net: NetName=NetJ?_18 Pin=J?-18
Added Pin To Net: NetName=NetJ?_18 Pin=U2-31
Added Net: Name=NetJ?_18
Added Pin To Net: NetName=NetJ?_19 Pin=J?-19
Added Pin To Net: NetName=NetJ?_19 Pin=U2-32
Added Net: Name=NetJ?_19
Add Net: Net with name "NetK?_1" already exists
Add Net: Net with name "NetK?_1" already exists
Add Net: Net with name "NetK?_1" already exists
Add Net: Net with name "NetK?_1" already exists
Add Net: Net with name "NetK?_1" already exists
Add Net: Net with name "NetK?_1" already exists
Add Net: Net with name "NetK?_1" already exists
Add Net: Net with name "NetK?_2" already exists
Add Net: Net with name "NetK?_2" already exists
Add Net: Net with name "NetK?_2" already exists
Add Net: Net with name "NetK?_2" already exists
Add Net: Net with name "NetK?_2" already exists
Add Net: Net with name "NetK?_2" already exists
Add Net: Net with name "NetK?_2" already exists
Add Net: Net with name "NetK?_3" already exists
Add Net: Net with name "NetK?_4" already exists
Add Net: Net with name "NetK?_5" already exists
Added Pin To Net: NetName=NetQ?_1 Pin=Q?-1
Added Pin To Net: NetName=NetQ?_1 Pin=U?-4
Added Net: Name=NetQ?_1
Add Net: Net with name "NetR?_1" already exists
Add Net: Net with name "NetR?_1" already exists
Add Net: Net with name "NetR?_1" already exists
Add Net: Net with name "NetR?_1" already exists
Add Net: Net with name "NetR?_1" already exists
Add Net: Net with name "NetR?_1" already exists
Add Net: Net with name "NetR?_1" already exists
Add Net: Net with name "NetR?_1" already exists
Add Net: Net with name "NetR?_1" already exists
Add Net: Net with name "NetR?_1" already exists
Add Net: Net with name "NetR?_1" already exists
Add Net: Net with name "NetR?_1" already exists
Add Net: Net with name "NetR?_1" already exists
Add Net: Net with name "NetR?_1" already exists
Add Net: Net with name "NetR?_1" already exists
Add Net: Net with name "NetR?_1" already exists
Add Net: Net with name "NetR?_1" already exists
Add Net: Net with name "NetR?_1" already exists
Add Net: Net with name "NetR?_1" already exists
Add Net: Net with name "NetR?_1" already exists
Add Net: Net with name "NetR?_1" already exists
Add Net: Net with name "NetR?_1" already exists
Add Net: Net with name "NetR?_1" already exists
Add Net: Net with name "NetR?_1" already exists
Add Net: Net with name "NetR?_1" already exists
Add Net: Net with name "NetR?_1" already exists
Add Net: Net with name "NetR?_1" already exists
Add Net: Net with name "NetR?_1" already exists
Add Net: Net with name "NetR?_1" already exists
Add Net: Net with name "NetR?_1" already exists
Add Net: Net with name "NetR?_1" already exists
Add Net: Net with name "NetR?_1" already exists
Add Net: Net with name "NetR?_1" already exists
Add Net: Net with name "NetR?_1" already exists
Add Net: Net with name "NetR?_1" already exists
Add Net: Net with name "NetR?_1" already exists
Add Net: Net with name "NetR?_1" already exists
Add Net: Net with name "NetR?_1" already exists
Add Net: Net with name "NetR?_1" already exists
Add Net: Net with name "NetR?_1" already exists
Add Net: Net with name "NetR?_1" already exists
Add Net: Net with name "NetR?_1" already exists
Add Net: Net with name "NetR?_1" already exists
Add Net: Net with name "NetR?_1" already exists
Add Net: Net with name "NetR?_1" already exists
Add Net: Net with name "NetR?_1" already exists
Add Net: Net with name "NetR?_1" already exists
Add Net: Net with name "NetR?_1" already exists
Add Net: Net with name "NetR?_1" already exists
Add Net: Net with name "NetR?_1" already exists
Add Net: Net with name "NetR?_1" already exists
Add Net: Net with name "NetR?_1" already exists
Add Net: Net with name "NetR?_1" already exists
Add Net: Net with name "NetR?_1" already exists
Add Net: Net with name "NetR?_1" already exists
Add Net: Net with name "NetR?_1" already exists
Add Net: Net with name "NetR?_1" already exists
Add Net: Net with name "NetR?_1" already exists
Add Net: Net with name "NetR?_1" already exists
Add Net: Net with name "NetR?_1" already exists
Add Net: Net with name "NetR?_2" already exists
Add Net: Net with name "NetR?_2" already exists
Add Net: Net with name "NetR?_2" already exists
Add Net: Net with name "NetR?_2" already exists
Add Net: Net with name "NetR?_2" already exists
Add Net: Net with name "NetR?_2" already exists
Add Net: Net with name "NetR?_2" already exists
Add Net: Net with name "NetR?_2" already exists
Add Net: Net with name "NetR?_2" already exists
Add Net: Net with name "NetR?_2" already exists
Add Net: Net with name "NetR?_2" already exists
Add Net: Net with name "NetR?_2" already exists
Add Net: Net with name "NetR?_2" already exists
Add Net: Net with name "NetR?_2" already exists
Add Net: Net with name "NetR?_2" already exists
Add Net: Net with name "NetR?_2" already exists
Add Net: Net with name "NetR?_2" already exists
Add Net: Net with name "NetR?_2" already exists
Add Net: Net with name "NetR?_2" already exists
Add Net: Net with name "NetR?_2" already exists
Add Net: Net with name "NetR?_2" already exists
Add Net: Net with name "NetR?_2" already exists
Add Net: Net with name "NetR?_2" already exists
Add Net: Net with name "NetR?_2" already exists
Add Net: Net with name "NetR?_2" already exists
Add Net: Net with name "NetR?_2" already exists
Add Net: Net with name "NetR?_2" already exists
Add Net: Net with name "NetR?_2" already exists
Add Net: Net with name "NetR?_2" already exists
Add Net: Net with name "NetR?_2" already exists
Add Net: Net with name "NetR?_2" already exists
Add Net: Net with name "NetR?_2" already exists
Add Net: Net with name "NetR?_2" already exists
Add Net: Net with name "NetR?_2" already exists
Add Net: Net with name "NetR?_2" already exists
Add Net: Net with name "NetR?_2" already exists
Add Net: Net with name "NetR?_2" already exists
Add Net: Net with name "NetR?_2" already exists
Add Net: Net with name "NetR?_2" already exists
Add Net: Net with name "NetR?_2" already exists
Add Net: Net with name "NetR?_2" already exists
Add Net: Net with name "NetR?_2" already exists
Add Net: Net with name "NetR?_2" already exists
Add Net: Net with name "NetR?_2" already exists
Add Net: Net with name "NetR?_2" already exists
Add Net: Net with name "NetR?_2" already exists
Add Net: Net with name "NetR?_2" already exists
Add Net: Net with name "NetR?_2" already exists
Added Pin To Net: NetName=NetU2_5 Pin=U2-5
Added Net: Name=NetU2_5
Added Pin To Net: NetName=NetU2_6 Pin=U2-6
Added Net: Name=NetU2_6
Added Pin To Net: NetName=NetU2_7 Pin=U2-7
Added Net: Name=NetU2_7
Added Pin To Net: NetName=NetU2_8 Pin=U2-8
Added Net: Name=NetU2_8
Added Pin To Net: NetName=NetU2_10 Pin=U2-10
Added Net: Name=NetU2_10
Added Pin To Net: NetName=NetU2_11 Pin=U2-11
Added Net: Name=NetU2_11
Added Pin To Net: NetName=NetU2_12 Pin=U2-12
Added Net: Name=NetU2_12
Added Pin To Net: NetName=NetU2_13 Pin=U2-13
Added Net: Name=NetU2_13
Added Pin To Net: NetName=NetU2_14 Pin=U2-14
Added Net: Name=NetU2_14
Added Pin To Net: NetName=NetU2_15 Pin=U2-15
Added Net: Name=NetU2_15
Added Pin To Net: NetName=NetU2_29 Pin=U2-29
Added Pin To Net: NetName=NetU2_29 Pin=U3-H3
Added Net: Name=NetU2_29
Added Pin To Net: NetName=SEL2 Pin=Q?-3
Added Pin To Net: NetName=SEL2 Pin=R?-1
Added Pin To Net: NetName=SEL2 Pin=U2-17
Added Net: Name=SEL2
Added Pin To Net: NetName=SYS_5V Pin=U?-6
Added Net: Name=SYS_5V
Added Pin To Net: NetName=TDMS0_N Pin=U4-24
Added Net: Name=TDMS0_N
Added Pin To Net: NetName=TDMS0_P Pin=U4-25
Added Net: Name=TDMS0_P
Added Pin To Net: NetName=TDMS1_N Pin=U4-27
Added Net: Name=TDMS1_N
Added Pin To Net: NetName=TDMS1_P Pin=U4-28
Added Net: Name=TDMS1_P
Added Pin To Net: NetName=TDMS2_N Pin=U4-30
Added Net: Name=TDMS2_N
Added Pin To Net: NetName=TDMS2_P Pin=U4-31
Added Net: Name=TDMS2_P
Added Pin To Net: NetName=TDMSC_N Pin=U4-21
Added Net: Name=TDMSC_N
Added Pin To Net: NetName=TDMSC_P Pin=U4-22
Added Net: Name=TDMSC_P
Added Pin To Net: NetName=VSYNC Pin=U3-G1
Added Pin To Net: NetName=VSYNC Pin=U4-5
Added Net: Name=VSYNC
Change Class Name : Old Net Name=U_JTAG interfaces New Net Name=U_Ethernet
Change Class Name : Old Net Name=U_SDMMC_SDCARD New Net Name=U_JTAG interfaces
Added Class: Name=U_SDMMC_SDCARD
Added Differential Pair: Name=TDMS0
Added Differential Pair: Name=TDMS1
Added Differential Pair: Name=TDMS2
Added Differential Pair: Name=TDMSC
Added Member To Class: ClassName=U_Ethernet Member=Component C? CL05A104KA5NNNC
Added Member To Class: ClassName=U_LVDS Member=Component C? CL05A104KA5NNNC
Added Member To Class: ClassName=U_LVDS Member=Component C? CL10A226MP8NUNE
Added Member To Class: ClassName=U_LVDS Member=Component C? CL05A104KA5NNNC
Added Member To Class: ClassName=U_LVDS Member=Component D? ESD5581N2T5G
Added Member To Class: ClassName=U_LVDS Member=Component D? ESD5581N2T5G
Added Member To Class: ClassName=U_Ethernet Member=Component J? ARJM11D7-502-AB-EW2
Added Member To Class: ClassName=U_LVDS Member=Component J? 10029449-111RLF
Added Member To Class: ClassName=U_Boot Switches Member=Component K? TSW-102-07-F-S
Added Member To Class: ClassName=U_Boot Switches Member=Component K? TSW-102-07-F-S
Added Member To Class: ClassName=U_Boot Switches Member=Component K? TSW-102-07-F-S
Added Member To Class: ClassName=U_Boot Switches Member=Component K? TSW-102-07-F-S
Added Member To Class: ClassName=U_Connector B Member=Component K? DF40C-60DS-0.4V(51)
Added Member To Class: ClassName=U_LVDS Member=Component K? TSW-102-07-F-S
Added Member To Class: ClassName=U_JTAG interfaces Member=Component K? 20021521-00010T1LF
Added Member To Class: ClassName=U_JTAG interfaces Member=Component K? 20021521-00010T1LF
Added Member To Class: ClassName=U_JTAG interfaces Member=Component K? TSW-102-07-F-S
Added Member To Class: ClassName=U_LVDS Member=Component Q? BSS123NH6327XTSA1
Added Member To Class: ClassName=U_LVDS Member=Component Q? BSS123NH6327XTSA1
Added Member To Class: ClassName=U_Boot Switches Member=Component R? RK73H1ETTP1003F
Added Member To Class: ClassName=U_Boot Switches Member=Component R? ERJ-2RKF2201X
Added Member To Class: ClassName=U_Boot Switches Member=Component R? ERJ-2RKF2201X
Added Member To Class: ClassName=U_Boot Switches Member=Component R? RK73H1ETTP1003F
Added Member To Class: ClassName=U_Boot Switches Member=Component R? ERJ-2RKF2201X
Added Member To Class: ClassName=U_Boot Switches Member=Component R? ERJ-2RKF2201X
Added Member To Class: ClassName=U_Boot Switches Member=Component R? RK73H1ETTP1003F
Added Member To Class: ClassName=U_GPIO Expander Member=Component R? ERJ-1GNF33R0C
Added Member To Class: ClassName=U_GPIO Expander Member=Component R? ERJ-1GNF33R0C
Added Member To Class: ClassName=U_GPIO Expander Member=Component R? ERJ-1GNF33R0C
Added Member To Class: ClassName=U_GPIO Expander Member=Component R? ERJ-1GNF33R0C
Added Member To Class: ClassName=U_GPIO Expander Member=Component R? ERJ-1GNF33R0C
Added Member To Class: ClassName=U_GPIO Expander Member=Component R? ERJ-1GNF33R0C
Added Member To Class: ClassName=U_GPIO Expander Member=Component R? ERJ-1GNF33R0C
Added Member To Class: ClassName=U_GPIO Expander Member=Component R? ERJ-1GNF33R0C
Added Member To Class: ClassName=U_GPIO Expander Member=Component R? ERJ-1GNF33R0C
Added Member To Class: ClassName=U_GPIO Expander Member=Component R? ERJ-1GNF33R0C
Added Member To Class: ClassName=U_GPIO Expander Member=Component R? ERJ-1GNF33R0C
Added Member To Class: ClassName=U_GPIO Expander Member=Component R? ERJ-1GNF33R0C
Added Member To Class: ClassName=U_GPIO Expander Member=Component R? ERJ-1GNF33R0C
Added Member To Class: ClassName=U_GPIO Expander Member=Component R? ERJ-1GNF33R0C
Added Member To Class: ClassName=U_GPIO Expander Member=Component R? ERJ-1GNF33R0C
Added Member To Class: ClassName=U_GPIO Expander Member=Component R? ERJ-1GNF33R0C
Added Member To Class: ClassName=U_GPIO Expander Member=Component R? ERJ-1GNF33R0C
Added Member To Class: ClassName=U_GPIO Expander Member=Component R? TNPW020110K0BEED
Added Member To Class: ClassName=U_GPIO Expander Member=Component R? ERJ-1GNF33R0C
Added Member To Class: ClassName=U_GPIO Expander Member=Component R? ERJ-1GNF33R0C
Added Member To Class: ClassName=U_GPIO Expander Member=Component R? ERJ-1GNF33R0C
Added Member To Class: ClassName=U_GPIO Expander Member=Component R? ERJ-1GNF33R0C
Added Member To Class: ClassName=U_GPIO Expander Member=Component R? ERJ-1GNF33R0C
Added Member To Class: ClassName=U_GPIO Expander Member=Component R? ERJ-1GNF33R0C
Added Member To Class: ClassName=U_GPIO Expander Member=Component R? TNPW020110K0BEED
Added Member To Class: ClassName=U_GPIO Expander Member=Component R? ERJ-1GNF33R0C
Added Member To Class: ClassName=U_GPIO Expander Member=Component R? ERJ-1GNF33R0C
Added Member To Class: ClassName=U_Ethernet Member=Component R? RK73H1ETTP22R0F
Added Member To Class: ClassName=U_Ethernet Member=Component R? RK73H1ETTP22R0F
Added Member To Class: ClassName=U_Ethernet Member=Component R? RK73H1ETTP22R0F
Added Member To Class: ClassName=U_Ethernet Member=Component R? RK73H1ETTP22R0F
Added Member To Class: ClassName=U_Ethernet Member=Component R? RK73H1ETTP22R0F
Added Member To Class: ClassName=U_Ethernet Member=Component R? RK73H1ETTP22R0F
Added Member To Class: ClassName=U_Ethernet Member=Component R? RK73H1ETTP22R0F
Added Member To Class: ClassName=U_Ethernet Member=Component R? RK73H1ETTP22R0F
Added Member To Class: ClassName=U_Ethernet Member=Component R? RK73H1ETTP22R0F
Added Member To Class: ClassName=U_Ethernet Member=Component R? RK73H1ETTP22R0F
Added Member To Class: ClassName=U_Ethernet Member=Component R? RK73H1ETTP22R0F
Added Member To Class: ClassName=U_Ethernet Member=Component R? RK73H1ETTP22R0F
Added Member To Class: ClassName=U_Ethernet Member=Component R? RK73H1ETTP22R0F
Added Member To Class: ClassName=U_Ethernet Member=Component R? RK73H1ETTP22R0F
Added Member To Class: ClassName=U_Ethernet Member=Component R? RK73H1ETTP22R0F
Added Member To Class: ClassName=U_Ethernet Member=Component R? RK73H1ETTP22R0F
Added Member To Class: ClassName=U_Ethernet Member=Component R? RK73H1ETTP22R0F
Added Member To Class: ClassName=U_Ethernet Member=Component R? RK73H1ETTP22R0F
Added Member To Class: ClassName=U_Ethernet Member=Component R? RK73H1ETTP22R0F
Added Member To Class: ClassName=U_Ethernet Member=Component R? RK73H1ETTP22R0F
Added Member To Class: ClassName=U_Ethernet Member=Component R? RK73H1ETTP1002F
Added Member To Class: ClassName=U_Ethernet Member=Component R? RK73H1ETTP1002F
Added Member To Class: ClassName=U_Ethernet Member=Component R? RK73H1ETTP22R0F
Added Member To Class: ClassName=U_LVDS Member=Component R? ERA-2AEB95R3X
Added Member To Class: ClassName=U_LVDS Member=Component R? ERA-2AEB95R3X
Added Member To Class: ClassName=U_LVDS Member=Component R? ERA-2AEB95R3X
Added Member To Class: ClassName=U_LVDS Member=Component R? ERA-2AEB95R3X
Added Member To Class: ClassName=U_LVDS Member=Component R? ERJ-2RKF33R0X
Added Member To Class: ClassName=U_LVDS Member=Component R? RK73H1ETTP1002F
Added Member To Class: ClassName=U_LVDS Member=Component R? RK73H1ETTP1002F
Added Member To Class: ClassName=U_LVDS Member=Component R? RK73H1ETTP1003F
Added Member To Class: ClassName=U_LVDS Member=Component R? RK73H1ETTP1002F
Added Member To Class: ClassName=U_LVDS Member=Component R? ERJ-2RKF33R0X
Added Member To Class: ClassName=U_LVDS Member=Component R? ERJ-2RKF33R0X
Added Member To Class: ClassName=U_LVDS Member=Component R? ERA-2AEB95R3X
Added Member To Class: ClassName=U_LVDS Member=Component R? RK73H1ETTP1002F
Added Member To Class: ClassName=U_LVDS Member=Component R? ERJ-2RKF1000X
Added Member To Class: ClassName=U_LVDS Member=Component R? RK73H1ETTP1002F
Added Member To Class: ClassName=U_LVDS Member=Component R? RK73H1ETTP2051F
Added Member To Class: ClassName=U_JTAG interfaces Member=Component R? RK73H1ETTP1002F
Added Member To Class: ClassName=U_JTAG interfaces Member=Component R? RK73H1ETTP1002F
Added Member To Class: ClassName=U_JTAG interfaces Member=Component R? RK73H1ETTP1002F
Added Member To Class: ClassName=U_JTAG interfaces Member=Component R? ERJ-2RKF33R0X
Added Member To Class: ClassName=U_JTAG interfaces Member=Component R? RK73H1ETTP1002F
Added Member To Class: ClassName=U_JTAG interfaces Member=Component R? RK73H1ETTP1002F
Added Member To Class: ClassName=U_JTAG interfaces Member=Component R? RK73H1ETTP1002F
Added Member To Class: ClassName=U_JTAG interfaces Member=Component R? RK73H1ETTP1002F
Added Member To Class: ClassName=U_JTAG interfaces Member=Component R? RK73H1ETTP1002F
Added Member To Class: ClassName=U_JTAG interfaces Member=Component R? RK73H1ETTP1002F
Added Member To Class: ClassName=U_JTAG interfaces Member=Component R? ERJ-2RKF33R0X
Added Member To Class: ClassName=U_JTAG interfaces Member=Component R? ERJ-2RKF33R0X
Added Member To Class: ClassName=U_JTAG interfaces Member=Component R? RK73H1ETTP1002F
Added Member To Class: ClassName=U_JTAG interfaces Member=Component R? ERJ-2RKF33R0X
Added Member To Class: ClassName=U_JTAG interfaces Member=Component R? RK73H1ETTP1002F
Added Member To Class: ClassName=U_JTAG interfaces Member=Component R? ERJ-2RKF33R0X
Added Member To Class: ClassName=U_JTAG interfaces Member=Component R? ERJ-2RKF33R0X
Added Member To Class: ClassName=U_JTAG interfaces Member=Component R? ERJ-2RKF33R0X
Added Member To Class: ClassName=U_JTAG interfaces Member=Component R? ERJ-2RKF33R0X
Added Member To Class: ClassName=U_JTAG interfaces Member=Component R? ERJ-2RKF33R0X
Added Member To Class: ClassName=U_JTAG interfaces Member=Component R? ERJ-2RKF33R0X
Added Member To Class: ClassName=U_Boot Switches Member=Component TP? Test Point
Added Member To Class: ClassName=U_Boot Switches Member=Component TP? Test Point
Added Member To Class: ClassName=U_Ethernet Member=Component U1 DP83867IRPAPR
Added Member To Class: ClassName=U_LVDS Member=Component U2 TS3DV642A0RUAR
Added Member To Class: ClassName=U_LVDS Member=Component U3 DS90CF386SLC/NOPB
Added Member To Class: ClassName=U_LVDS Member=Component U4 TFP410PAP
Added Rule: Name=Schematic Supply Nets_5
Added Rule: Name=Schematic Supply Nets_6
Added Rule: Name=Schematic Supply Nets_7
Added Rule: Name=Schematic Supply Nets_8
Added Rule: Name=Schematic Supply Nets_9
Added Rule: Name=Schematic Supply Nets_10
Added Rule: Name=Schematic Supply Nets_11
Added Rule: Name=Schematic Supply Nets_12
Added Rule: Name=Schematic Supply Nets_13
Added Rule: Name=Schematic Supply Nets_14
Added Rule: Name=Schematic Supply Nets_15
Added Rule: Name=Schematic Supply Nets_16
Added Rule: Name=Schematic Supply Nets_17
Added Rule: Name=Schematic Supply Nets_18
Added Rule: Name=Schematic Supply Nets_19
Added Rule: Name=Schematic Supply Nets_20
Added Rule: Name=Schematic Supply Nets_21
Added Rule: Name=Schematic Supply Nets_22
Added Rule: Name=Schematic Supply Nets_23
Added Rule: Name=Schematic Supply Nets_24
Added Rule: Name=Schematic Supply Nets_25
Added Rule: Name=Schematic Supply Nets_26
Added Rule: Name=Schematic Supply Nets_27
Added Rule: Name=Schematic Supply Nets_28
Added Rule: Name=Schematic Supply Nets_29
Added Rule: Name=Schematic Supply Nets_30
Added Rule: Name=Schematic Supply Nets_31
Added Rule: Name=Schematic Supply Nets_32
Added Rule: Name=Schematic Supply Nets_33
Added Rule: Name=Schematic Supply Nets_34
Added Rule: Name=Schematic Supply Nets_35
Added Rule: Name=Schematic Supply Nets_36
